2021-02-12 19:26:37,352:WARNING:discord.client: PyNaCl is not installed, voice will NOT be supported
2021-02-12 19:26:37,353:INFO:discord.client: logging in using static token
2021-02-12 19:26:37,871:DEBUG:discord.http: GET https://discord.com/api/v7/users/@me with None has returned 200
2021-02-12 19:26:37,871:DEBUG:discord.http: GET https://discord.com/api/v7/users/@me has received {'id': '800975857912119327', 'username': 'test bot', 'avatar': None, 'discriminator': '4513', 'public_flags': 0, 'flags': 0, 'bot': True, 'locale': 'en-US', 'mfa_enabled': False, 'email': None, 'verified': True}
2021-02-12 19:26:37,930:DEBUG:discord.http: GET https://discord.com/api/v7/gateway with None has returned 200
2021-02-12 19:26:37,931:DEBUG:discord.http: GET https://discord.com/api/v7/gateway has received {'url': 'wss://gateway.discord.gg'}
2021-02-12 19:26:38,470:DEBUG:discord.gateway: Created websocket connected to wss://gateway.discord.gg?encoding=json&v=6&compress=zlib-stream
2021-02-12 19:26:38,470:DEBUG:discord.client: Dispatching event socket_raw_receive
2021-02-12 19:26:38,470:DEBUG:discord.gateway: For Shard ID None: WebSocket Event: {'t': None, 's': None, 'op': 10, 'd': {'heartbeat_interval': 41250, '_trace': ['["gateway-prd-main-dq11",{"micros":0.0}]']}}
2021-02-12 19:26:38,470:DEBUG:discord.client: Dispatching event socket_response
2021-02-12 19:26:38,471:DEBUG:discord.client: Dispatching event socket_raw_send
2021-02-12 19:26:38,472:DEBUG:discord.client: Dispatching event socket_raw_send
2021-02-12 19:26:38,472:INFO:discord.gateway: Shard ID None has sent the IDENTIFY payload.
2021-02-12 19:26:38,820:DEBUG:discord.client: Dispatching event socket_raw_receive
2021-02-12 19:26:38,820:DEBUG:discord.gateway: For Shard ID None: WebSocket Event: {'t': None, 's': None, 'op': 11, 'd': None}
2021-02-12 19:26:38,820:DEBUG:discord.client: Dispatching event socket_response
2021-02-12 19:26:38,883:DEBUG:discord.client: Dispatching event socket_raw_receive
2021-02-12 19:26:38,883:DEBUG:discord.gateway: For Shard ID None: WebSocket Event: {'t': 'READY', 's': 1, 'op': 0, 'd': {'v': 6, 'user_settings': {}, 'user': {'verified': True, 'username': 'test bot', 'mfa_enabled': False, 'id': '800975857912119327', 'flags': 0, 'email': None, 'discriminator': '4513', 'bot': True, 'avatar': None}, 'session_id': 'b31badc29b200dd0f539c01247fb9773', 'relationships': [], 'private_channels': [], 'presences': [], 'guilds': [{'unavailable': True, 'id': '738448933201903717'}], 'guild_join_requests': [], 'geo_ordered_rtc_regions': ['india', 'hongkong', 'singapore', 'russia', 'japan'], 'application': {'id': '800975857912119327', 'flags': 32768}, '_trace': ['["gateway-prd-main-dq11",{"micros":70035,"calls":["discord-sessions-prd-2-8",{"micros":67993,"calls":["start_session",{"micros":46826,"calls":["api-prd-main-9kzx",{"micros":43910,"calls":["get_user",{"micros":6682},"add_authorized_ip",{"micros":3392},"get_guilds",{"micros":3678},"coros_wait",{"micros":1}]}]},"guilds_connect",{"micros":2,"calls":[]},"presence_connect",{"micros":8106,"calls":[]}]}]}]']}}
2021-02-12 19:26:38,883:DEBUG:discord.client: Dispatching event socket_response
2021-02-12 19:26:38,884:INFO:discord.gateway: Shard ID None has connected to Gateway: ["gateway-prd-main-dq11",{"micros":70035,"calls":["discord-sessions-prd-2-8",{"micros":67993,"calls":["start_session",{"micros":46826,"calls":["api-prd-main-9kzx",{"micros":43910,"calls":["get_user",{"micros":6682},"add_authorized_ip",{"micros":3392},"get_guilds",{"micros":3678},"coros_wait",{"micros":1}]}]},"guilds_connect",{"micros":2,"calls":[]},"presence_connect",{"micros":8106,"calls":[]}]}]}] (Session ID: b31badc29b200dd0f539c01247fb9773).
2021-02-12 19:26:38,898:DEBUG:discord.client: Dispatching event connect
2021-02-12 19:26:38,899:DEBUG:discord.client: Dispatching event socket_raw_receive
2021-02-12 19:26:38,899:DEBUG:discord.gateway: For Shard ID None: WebSocket Event: {'t': 'GUILD_CREATE', 's': 2, 'op': 0, 'd': {'description': None, 'afk_channel_id': None, 'roles': [{'position': 0, 'permissions_new': '2251804225', 'permissions': 104320577, 'name': '@everyone', 'mentionable': False, 'managed': False, 'id': '738448933201903717', 'hoist': False, 'color': 0}, {'position': 7, 'permissions_new': '4294442751', 'permissions': 2146959103, 'name': 'Vishank', 'mentionable': False, 'managed': False, 'id': '782651592976891915', 'hoist': False, 'color': 10710237}, {'tags': {'bot_id': '760118450307203154'}, 'position': 6, 'permissions_new': '4227910751', 'permissions': 2080427103, 'name': 'CUSTOM BOT', 'mentionable': False, 'managed': True, 'id': '782807564756582403', 'hoist': False, 'color': 11288155}, {'tags': {'bot_id': '235088799074484224'}, 'position': 4, 'permissions_new': '2147483656', 'permissions': 8, 'name': 'Rythm', 'mentionable': False, 'managed': True, 'id': '784728719938813953', 'hoist': False, 'color': 0}, {'position': 5, 'permissions_new': '2251804225', 'permissions': 104320577, 'name': 'BOTs', 'mentionable': False, 'managed': False, 'id': '784729568819937293', 'hoist': True, 'color': 8947848}, {'tags': {'bot_id': '159985870458322944'}, 'position': 3, 'permissions_new': '4063751263', 'permissions': 1916267615, 'name': 'MEE6', 'mentionable': False, 'managed': True, 'id': '784730565478973481', 'hoist': False, 'color': 0}, {'position': 2, 'permissions_new': '2251804225', 'permissions': 104320577, 'name': 'MEMBER', 'mentionable': False, 'managed': False, 'id': '784731364935073793', 'hoist': False, 'color': 16777215}, {'tags': {'bot_id': '796682901986869318'}, 'position': 1, 'permissions_new': '2147483656', 'permissions': 8, 'name': 'emoji bot', 'mentionable': False, 'managed': True, 'id': '796687321314623498', 'hoist': False, 'color': 0}, {'tags': {'bot_id': '800975857912119327'}, 'position': 1, 'permissions_new': '8', 'permissions': 8, 'name': 'new bot', 'mentionable': False, 'managed': True, 'id': '800976801446363157', 'hoist': False, 'color': 0}], 'max_video_channel_users': 25, 'splash': None, 'channels': [{'type': 4, 'position': 1, 'permission_overwrites': [], 'name': 'Text Channels', 'id': '738448933201903718'}, {'type': 4, 'position': 2, 'permission_overwrites': [], 'name': 'Voice Channels', 'id': '738448933201903719'}, {'user_limit': 0, 'type': 2, 'position': 0, 'permission_overwrites': [], 'parent_id': '738448933201903719', 'name': 'General', 'id': '738448933201903721', 'bitrate': 64000}, {'type': 0, 'topic': None, 'rate_limit_per_user': 0, 'position': 3, 'permission_overwrites': [], 'parent_id': '738448933201903718', 'name': 'general', 'last_message_id': '808956183435542538', 'id': '782601582536949760'}, {'type': 0, 'topic': None, 'rate_limit_per_user': 0, 'position': 0, 'permission_overwrites': [{'type': 'role', 'id': '738448933201903717', 'deny_new': '806877265', 'deny': 806877265, 'allow_new': '1024', 'allow': 1024}, {'type': 'role', 'id': '782651592976891915', 'deny_new': '0', 'deny': 0, 'allow_new': '1049600', 'allow': 1049600}, {'type': 'role', 'id': '782807564756582403', 'deny_new': '0', 'deny': 0, 'allow_new': '1049600', 'allow': 1049600}], 'name': 'welcome', 'last_message_id': '784728720618422312', 'id': '782972332183388160'}, {'type': 4, 'position': 0, 'permission_overwrites': [{'type': 'role', 'id': '738448933201903717', 'deny_new': '1049600', 'deny': 1049600, 'allow_new': '0', 'allow': 0}, {'type': 'role', 'id': '782651592976891915', 'deny_new': '0', 'deny': 0, 'allow_new': '1049600', 'allow': 1049600}, {'type': 'role', 'id': '782807564756582403', 'deny_new': '0', 'deny': 0, 'allow_new': '1049600', 'allow': 1049600}], 'name': 'Private', 'id': '783311992168644608'}, {'user_limit': 0, 'type': 2, 'position': 1, 'permission_overwrites': [], 'parent_id': '738448933201903719', 'name': 'Music', 'id': '784728931096985611', 'bitrate': 64000}, {'type': 0, 'topic': None, 'rate_limit_per_user': 0, 'position': 4, 'permission_overwrites': [], 'parent_id': '738448933201903719', 'name': 'music-commands', 'last_message_id': '790474775918280725', 'id': '784729007631237120'}, {'type': 0, 'topic': None, 'rate_limit_per_user': 0, 'position': 5, 'permission_overwrites': [{'type': 'role', 'id': '738448933201903717', 'deny_new': '1024', 'deny': 1024, 'allow_new': '0', 'allow': 0}, {'type': 'role', 'id': '782651592976891915', 'deny_new': '0', 'deny': 0, 'allow_new': '1024', 'allow': 1024}, {'type': 'role', 'id': '782807564756582403', 'deny_new': '0', 'deny': 0, 'allow_new': '1024', 'allow': 1024}], 'parent_id': '783311992168644608', 'nsfw': False, 'name': 'main-bot', 'last_message_id': '809052456088240128', 'id': '785104401601658902'}, {'type': 0, 'topic': None, 'rate_limit_per_user': 0, 'position': 6, 'permission_overwrites': [{'type': 'role', 'id': '738448933201903717', 'deny_new': '805828625', 'deny': 805828625, 'allow_new': '1088', 'allow': 1088}], 'name': 'colors', 'last_message_id': '785842621062840320', 'id': '785464555983339531'}, {'type': 0, 'topic': None, 'rate_limit_per_user': 0, 'position': 7, 'permission_overwrites': [], 'parent_id': '738448933201903718', 'name': 'commands-commands', 'last_message_id': '798476217811992598', 'id': '798474206906941450'}, {'type': 0, 'topic': None, 'rate_limit_per_user': 0, 'position': 8, 'permission_overwrites': [{'type': 'role', 'id': '738448933201903717', 'deny_new': '1024', 'deny': 1024, 'allow_new': '0', 'allow': 0}, {'type': 'role', 'id': '784729568819937293', 'deny_new': '0', 'deny': 0, 'allow_new': '1024', 'allow': 1024}, {'type': 'member', 'id': '796682901986869318', 'deny_new': '0', 'deny': 0, 'allow_new': '1024', 'allow': 1024}], 'parent_id': '783311992168644608', 'nsfw': False, 'name': 'emoji-bot', 'last_message_id': None, 'id': '809770264891228170'}, {'type': 0, 'topic': None, 'rate_limit_per_user': 0, 'position': 9, 'permission_overwrites': [{'type': 'role', 'id': '738448933201903717', 'deny_new': '1049600', 'deny': 1049600, 'allow_new': '0', 'allow': 0}, {'type': 'role', 'id': '782651592976891915', 'deny_new': '0', 'deny': 0, 'allow_new': '1049600', 'allow': 1049600}, {'type': 'role', 'id': '782807564756582403', 'deny_new': '0', 'deny': 0, 'allow_new': '1049600', 'allow': 1049600}, {'type': 'member', 'id': '800975857912119327', 'deny_new': '0', 'deny': 0, 'allow_new': '1024', 'allow': 1024}], 'parent_id': '783311992168644608', 'nsfw': False, 'name': 'new', 'last_message_id': '809785028887576607', 'id': '809770331518664705'}], 'guild_hashes': {'version': 1, 'roles': {'omitted': False, 'hash': 'g6aIvJzhWXo'}, 'metadata': {'omitted': False, 'hash': 'JHS1Ne7XFkc'}, 'channels': {'omitted': False, 'hash': 'fzspmdSenTk'}}, 'emojis': [{'roles': [], 'require_colons': True, 'name': 'party', 'managed': False, 'id': '796696860643295252', 'available': True, 'animated': True}], 'joined_at': '2021-01-19T06:35:50.920000+00:00', 'large': False, 'afk_timeout': 300, 'rules_channel_id': None, 'default_message_notifications': 0, 'icon': None, 'presences': [], 'region': 'india', 'max_members': 250000, 'name': "Vishank's server", 'owner_id': '738448733615685652', 'system_channel_flags': 0, 'voice_states': [], 'system_channel_id': None, 'preferred_locale': 'en-US', 'discovery_splash': None, 'premium_subscription_count': 0, 'lazy': True, 'banner': None, 'mfa_level': 0, 'explicit_content_filter': 0, 'member_count': 6, 'public_updates_channel_id': None, 'members': [{'user': {'username': 'test bot', 'id': '800975857912119327', 'discriminator': '4513', 'bot': True, 'avatar': None}, 'roles': ['800976801446363157', '784729568819937293'], 'premium_since': None, 'pending': False, 'nick': None, 'mute': False, 'joined_at': '2021-01-19T06:35:50.920000+00:00', 'is_pending': False, 'hoisted_role': '784729568819937293', 'deaf': False}], 'premium_tier': 0, 'verification_level': 0, 'features': [], 'unavailable': False, 'threads': [], 'application_id': None, 'id': '738448933201903717', 'vanity_url_code': None}}
2021-02-12 19:26:38,900:DEBUG:discord.client: Dispatching event socket_response
2021-02-12 19:26:38,902:DEBUG:discord.client: Dispatching event guild_available
2021-02-12 19:26:40,906:DEBUG:discord.client: Dispatching event ready
2021-02-12 19:26:40,906:DEBUG:discord.gateway: Sending "{"op":3,"d":{"game":{"flags":0,"type":0,"name":"use prefix '.'"},"afk":false,"since":0.0,"status":"online"}}" to change status
2021-02-12 19:26:40,907:DEBUG:discord.client: Dispatching event socket_raw_send
2021-02-12 19:26:47,205:DEBUG:discord.client: Dispatching event socket_raw_receive
2021-02-12 19:26:47,205:DEBUG:discord.gateway: For Shard ID None: WebSocket Event: {'t': 'MESSAGE_DELETE', 's': 3, 'op': 0, 'd': {'id': '809785028887576607', 'channel_id': '809770331518664705', 'guild_id': '738448933201903717'}}
2021-02-12 19:26:47,205:DEBUG:discord.client: Dispatching event socket_response
2021-02-12 19:26:47,206:DEBUG:discord.client: Dispatching event raw_message_delete
2021-02-12 19:26:50,266:DEBUG:discord.client: Dispatching event socket_raw_receive
2021-02-12 19:26:50,266:DEBUG:discord.gateway: For Shard ID None: WebSocket Event: {'t': 'MESSAGE_DELETE', 's': 4, 'op': 0, 'd': {'id': '809784270347436044', 'channel_id': '809770331518664705', 'guild_id': '738448933201903717'}}
2021-02-12 19:26:50,267:DEBUG:discord.client: Dispatching event socket_response
2021-02-12 19:26:50,267:DEBUG:discord.client: Dispatching event raw_message_delete
2021-02-12 19:26:53,150:DEBUG:discord.client: Dispatching event socket_raw_receive
2021-02-12 19:26:53,150:DEBUG:discord.gateway: For Shard ID None: WebSocket Event: {'t': 'MESSAGE_DELETE', 's': 5, 'op': 0, 'd': {'id': '809783482099564605', 'channel_id': '809770331518664705', 'guild_id': '738448933201903717'}}
2021-02-12 19:26:53,150:DEBUG:discord.client: Dispatching event socket_response
2021-02-12 19:26:53,152:DEBUG:discord.client: Dispatching event raw_message_delete
2021-02-12 19:26:55,776:DEBUG:discord.client: Dispatching event socket_raw_receive
2021-02-12 19:26:55,776:DEBUG:discord.gateway: For Shard ID None: WebSocket Event: {'t': 'MESSAGE_DELETE', 's': 6, 'op': 0, 'd': {'id': '809782991835758622', 'channel_id': '809770331518664705', 'guild_id': '738448933201903717'}}
2021-02-12 19:26:55,776:DEBUG:discord.client: Dispatching event socket_response
2021-02-12 19:26:55,776:DEBUG:discord.client: Dispatching event raw_message_delete
2021-02-12 19:26:59,513:DEBUG:discord.client: Dispatching event socket_raw_receive
2021-02-12 19:26:59,514:DEBUG:discord.gateway: For Shard ID None: WebSocket Event: {'t': 'MESSAGE_DELETE', 's': 7, 'op': 0, 'd': {'id': '809783716422877186', 'channel_id': '809770331518664705', 'guild_id': '738448933201903717'}}
2021-02-12 19:26:59,514:DEBUG:discord.client: Dispatching event socket_response
2021-02-12 19:26:59,514:DEBUG:discord.client: Dispatching event raw_message_delete
2021-02-12 19:27:02,209:DEBUG:discord.client: Dispatching event socket_raw_receive
2021-02-12 19:27:02,210:DEBUG:discord.gateway: For Shard ID None: WebSocket Event: {'t': 'MESSAGE_CREATE', 's': 8, 'op': 0, 'd': {'type': 0, 'tts': False, 'timestamp': '2021-02-12T13:57:01.099000+00:00', 'referenced_message': None, 'pinned': False, 'nonce': '809785137221861376', 'mentions': [], 'mention_roles': [], 'mention_everyone': False, 'member': {'roles': ['782651592976891915'], 'mute': False, 'joined_at': '2020-07-30T17:32:25.427000+00:00', 'hoisted_role': None, 'deaf': False}, 'id': '809785134307999775', 'flags': 0, 'embeds': [], 'edited_timestamp': None, 'content': '.ping', 'channel_id': '809770331518664705', 'author': {'username': 'Vishank', 'public_flags': 64, 'id': '738448733615685652', 'discriminator': '3447', 'avatar': 'db6eb46b01d8865d9c1696d3ccc1a947'}, 'attachments': [], 'guild_id': '738448933201903717'}}
2021-02-12 19:27:02,210:DEBUG:discord.client: Dispatching event socket_response
2021-02-12 19:27:02,210:DEBUG:discord.client: Dispatching event message
2021-02-12 19:27:02,211:DEBUG:discord.client: Dispatching event command
2021-02-12 19:27:02,694:DEBUG:discord.http: DELETE https://discord.com/api/v7/channels/809770331518664705/messages/809785134307999775 with None has returned 204
2021-02-12 19:27:02,694:DEBUG:discord.http: DELETE https://discord.com/api/v7/channels/809770331518664705/messages/809785134307999775 has received 
2021-02-12 19:27:02,719:DEBUG:discord.client: Dispatching event socket_raw_receive
2021-02-12 19:27:02,719:DEBUG:discord.gateway: For Shard ID None: WebSocket Event: {'t': 'MESSAGE_DELETE', 's': 9, 'op': 0, 'd': {'id': '809785134307999775', 'channel_id': '809770331518664705', 'guild_id': '738448933201903717'}}
2021-02-12 19:27:02,719:DEBUG:discord.client: Dispatching event socket_response
2021-02-12 19:27:02,720:DEBUG:discord.client: Dispatching event raw_message_delete
2021-02-12 19:27:02,720:DEBUG:discord.client: Dispatching event message_delete
2021-02-12 19:27:03,079:DEBUG:discord.client: Dispatching event socket_raw_receive
2021-02-12 19:27:03,080:DEBUG:discord.gateway: For Shard ID None: WebSocket Event: {'t': 'MESSAGE_CREATE', 's': 10, 'op': 0, 'd': {'type': 0, 'tts': False, 'timestamp': '2021-02-12T13:57:01.959000+00:00', 'referenced_message': None, 'pinned': False, 'mentions': [], 'mention_roles': [], 'mention_everyone': False, 'member': {'roles': ['800976801446363157', '784729568819937293'], 'premium_since': None, 'pending': False, 'nick': None, 'mute': False, 'joined_at': '2021-01-19T06:35:50.920000+00:00', 'is_pending': False, 'hoisted_role': '784729568819937293', 'deaf': False}, 'id': '809785137914970173', 'flags': 0, 'embeds': [{'type': 'rich', 'title': 'Pong! 350ms', 'footer': {'text': 'Called by: Vishank#3447'}, 'color': 8188931}], 'edited_timestamp': None, 'content': '', 'channel_id': '809770331518664705', 'author': {'username': 'test bot', 'public_flags': 0, 'id': '800975857912119327', 'discriminator': '4513', 'bot': True, 'avatar': None}, 'attachments': [], 'guild_id': '738448933201903717'}}
2021-02-12 19:27:03,080:DEBUG:discord.client: Dispatching event socket_response
2021-02-12 19:27:03,080:DEBUG:discord.client: Dispatching event message
2021-02-12 19:27:03,090:DEBUG:discord.http: POST https://discord.com/api/v7/channels/809770331518664705/messages with {"embed":{"footer":{"text":"Called by: Vishank#3447"},"color":8188931,"type":"rich","title":"Pong! 350ms"}} has returned 200
2021-02-12 19:27:03,090:DEBUG:discord.http: POST https://discord.com/api/v7/channels/809770331518664705/messages has received {'id': '809785137914970173', 'type': 0, 'content': '', 'channel_id': '809770331518664705', 'author': {'id': '800975857912119327', 'username': 'test bot', 'avatar': None, 'discriminator': '4513', 'public_flags': 0, 'bot': True}, 'attachments': [], 'embeds': [{'type': 'rich', 'title': 'Pong! 350ms', 'color': 8188931, 'footer': {'text': 'Called by: Vishank#3447'}}], 'mentions': [], 'mention_roles': [], 'pinned': False, 'mention_everyone': False, 'tts': False, 'timestamp': '2021-02-12T13:57:01.959000+00:00', 'edited_timestamp': None, 'flags': 0, 'referenced_message': None}
2021-02-12 19:27:03,090:DEBUG:discord.client: Dispatching event command_completion
2021-02-12 19:27:03,105:DEBUG:discord.client: Dispatching event socket_raw_receive
2021-02-12 19:27:03,105:DEBUG:discord.gateway: For Shard ID None: WebSocket Event: {'t': 'MESSAGE_UPDATE', 's': 11, 'op': 0, 'd': {'id': '809785137914970173', 'embeds': [{'type': 'rich', 'title': 'Pong! 350ms', 'footer': {'text': 'Called by: Vishank#3447'}, 'color': 8188931}], 'channel_id': '809770331518664705', 'guild_id': '738448933201903717'}}
2021-02-12 19:27:03,105:DEBUG:discord.client: Dispatching event socket_response
2021-02-12 19:27:03,106:DEBUG:discord.client: Dispatching event raw_message_edit
2021-02-12 19:27:03,106:DEBUG:discord.client: Dispatching event message_edit
2021-02-12 19:27:05,912:DEBUG:discord.client: Dispatching event socket_raw_receive
2021-02-12 19:27:05,912:DEBUG:discord.gateway: For Shard ID None: WebSocket Event: {'t': 'MESSAGE_CREATE', 's': 12, 'op': 0, 'd': {'type': 0, 'tts': False, 'timestamp': '2021-02-12T13:57:04.862000+00:00', 'referenced_message': None, 'pinned': False, 'nonce': '809785152812089344', 'mentions': [], 'mention_roles': [], 'mention_everyone': False, 'member': {'roles': ['782651592976891915'], 'mute': False, 'joined_at': '2020-07-30T17:32:25.427000+00:00', 'hoisted_role': None, 'deaf': False}, 'id': '809785150090117130', 'flags': 0, 'embeds': [], 'edited_timestamp': None, 'content': '.ping', 'channel_id': '809770331518664705', 'author': {'username': 'Vishank', 'public_flags': 64, 'id': '738448733615685652', 'discriminator': '3447', 'avatar': 'db6eb46b01d8865d9c1696d3ccc1a947'}, 'attachments': [], 'guild_id': '738448933201903717'}}
2021-02-12 19:27:05,912:DEBUG:discord.client: Dispatching event socket_response
2021-02-12 19:27:05,912:DEBUG:discord.client: Dispatching event message
2021-02-12 19:27:05,912:DEBUG:discord.client: Dispatching event command
2021-02-12 19:27:06,336:DEBUG:discord.http: DELETE https://discord.com/api/v7/channels/809770331518664705/messages/809785150090117130 with None has returned 204
2021-02-12 19:27:06,336:DEBUG:discord.http: DELETE https://discord.com/api/v7/channels/809770331518664705/messages/809785150090117130 has received 
2021-02-12 19:27:06,338:DEBUG:discord.client: Dispatching event socket_raw_receive
2021-02-12 19:27:06,339:DEBUG:discord.gateway: For Shard ID None: WebSocket Event: {'t': 'MESSAGE_DELETE', 's': 13, 'op': 0, 'd': {'id': '809785150090117130', 'channel_id': '809770331518664705', 'guild_id': '738448933201903717'}}
2021-02-12 19:27:06,339:DEBUG:discord.client: Dispatching event socket_response
2021-02-12 19:27:06,339:DEBUG:discord.client: Dispatching event raw_message_delete
2021-02-12 19:27:06,339:DEBUG:discord.client: Dispatching event message_delete
2021-02-12 19:27:06,715:DEBUG:discord.client: Dispatching event socket_raw_receive
2021-02-12 19:27:06,716:DEBUG:discord.gateway: For Shard ID None: WebSocket Event: {'t': 'MESSAGE_CREATE', 's': 14, 'op': 0, 'd': {'type': 0, 'tts': False, 'timestamp': '2021-02-12T13:57:05.662000+00:00', 'referenced_message': None, 'pinned': False, 'mentions': [], 'mention_roles': [], 'mention_everyone': False, 'member': {'roles': ['800976801446363157', '784729568819937293'], 'premium_since': None, 'pending': False, 'nick': None, 'mute': False, 'joined_at': '2021-01-19T06:35:50.920000+00:00', 'is_pending': False, 'hoisted_role': '784729568819937293', 'deaf': False}, 'id': '809785153446346772', 'flags': 0, 'embeds': [{'type': 'rich', 'title': 'Pong! 350ms', 'footer': {'text': 'Called by: Vishank#3447'}, 'color': 5433313}], 'edited_timestamp': None, 'content': '', 'channel_id': '809770331518664705', 'author': {'username': 'test bot', 'public_flags': 0, 'id': '800975857912119327', 'discriminator': '4513', 'bot': True, 'avatar': None}, 'attachments': [], 'guild_id': '738448933201903717'}}
2021-02-12 19:27:06,716:DEBUG:discord.client: Dispatching event socket_response
2021-02-12 19:27:06,716:DEBUG:discord.client: Dispatching event message
2021-02-12 19:27:06,732:DEBUG:discord.http: POST https://discord.com/api/v7/channels/809770331518664705/messages with {"embed":{"footer":{"text":"Called by: Vishank#3447"},"color":5433313,"type":"rich","title":"Pong! 350ms"}} has returned 200
2021-02-12 19:27:06,733:DEBUG:discord.http: POST https://discord.com/api/v7/channels/809770331518664705/messages has received {'id': '809785153446346772', 'type': 0, 'content': '', 'channel_id': '809770331518664705', 'author': {'id': '800975857912119327', 'username': 'test bot', 'avatar': None, 'discriminator': '4513', 'public_flags': 0, 'bot': True}, 'attachments': [], 'embeds': [{'type': 'rich', 'title': 'Pong! 350ms', 'color': 5433313, 'footer': {'text': 'Called by: Vishank#3447'}}], 'mentions': [], 'mention_roles': [], 'pinned': False, 'mention_everyone': False, 'tts': False, 'timestamp': '2021-02-12T13:57:05.662000+00:00', 'edited_timestamp': None, 'flags': 0, 'referenced_message': None}
2021-02-12 19:27:06,733:DEBUG:discord.client: Dispatching event command_completion
2021-02-12 19:27:06,791:DEBUG:discord.client: Dispatching event socket_raw_receive
2021-02-12 19:27:06,791:DEBUG:discord.gateway: For Shard ID None: WebSocket Event: {'t': 'MESSAGE_UPDATE', 's': 15, 'op': 0, 'd': {'id': '809785153446346772', 'embeds': [{'type': 'rich', 'title': 'Pong! 350ms', 'footer': {'text': 'Called by: Vishank#3447'}, 'color': 5433313}], 'channel_id': '809770331518664705', 'guild_id': '738448933201903717'}}
2021-02-12 19:27:06,792:DEBUG:discord.client: Dispatching event socket_response
2021-02-12 19:27:06,792:DEBUG:discord.client: Dispatching event raw_message_edit
2021-02-12 19:27:06,792:DEBUG:discord.client: Dispatching event message_edit
2021-02-12 19:27:08,703:DEBUG:discord.client: Dispatching event socket_raw_receive
2021-02-12 19:27:08,704:DEBUG:discord.gateway: For Shard ID None: WebSocket Event: {'t': 'MESSAGE_CREATE', 's': 16, 'op': 0, 'd': {'type': 0, 'tts': False, 'timestamp': '2021-02-12T13:57:07.626000+00:00', 'referenced_message': None, 'pinned': False, 'nonce': '809785164266733568', 'mentions': [], 'mention_roles': [], 'mention_everyone': False, 'member': {'roles': ['782651592976891915'], 'mute': False, 'joined_at': '2020-07-30T17:32:25.427000+00:00', 'hoisted_role': None, 'deaf': False}, 'id': '809785161683173408', 'flags': 0, 'embeds': [], 'edited_timestamp': None, 'content': '.ping', 'channel_id': '809770331518664705', 'author': {'username': 'Vishank', 'public_flags': 64, 'id': '738448733615685652', 'discriminator': '3447', 'avatar': 'db6eb46b01d8865d9c1696d3ccc1a947'}, 'attachments': [], 'guild_id': '738448933201903717'}}
2021-02-12 19:27:08,704:DEBUG:discord.client: Dispatching event socket_response
2021-02-12 19:27:08,704:DEBUG:discord.client: Dispatching event message
2021-02-12 19:27:08,704:DEBUG:discord.client: Dispatching event command
2021-02-12 19:27:09,101:DEBUG:discord.http: DELETE https://discord.com/api/v7/channels/809770331518664705/messages/809785161683173408 with None has returned 204
2021-02-12 19:27:09,101:DEBUG:discord.http: DELETE https://discord.com/api/v7/channels/809770331518664705/messages/809785161683173408 has received 
2021-02-12 19:27:09,124:DEBUG:discord.client: Dispatching event socket_raw_receive
2021-02-12 19:27:09,124:DEBUG:discord.gateway: For Shard ID None: WebSocket Event: {'t': 'MESSAGE_DELETE', 's': 17, 'op': 0, 'd': {'id': '809785161683173408', 'channel_id': '809770331518664705', 'guild_id': '738448933201903717'}}
2021-02-12 19:27:09,124:DEBUG:discord.client: Dispatching event socket_response
2021-02-12 19:27:09,125:DEBUG:discord.client: Dispatching event raw_message_delete
2021-02-12 19:27:09,125:DEBUG:discord.client: Dispatching event message_delete
2021-02-12 19:27:09,495:DEBUG:discord.client: Dispatching event socket_raw_receive
2021-02-12 19:27:09,495:DEBUG:discord.gateway: For Shard ID None: WebSocket Event: {'t': 'MESSAGE_CREATE', 's': 18, 'op': 0, 'd': {'type': 0, 'tts': False, 'timestamp': '2021-02-12T13:57:08.443000+00:00', 'referenced_message': None, 'pinned': False, 'mentions': [], 'mention_roles': [], 'mention_everyone': False, 'member': {'roles': ['800976801446363157', '784729568819937293'], 'premium_since': None, 'pending': False, 'nick': None, 'mute': False, 'joined_at': '2021-01-19T06:35:50.920000+00:00', 'is_pending': False, 'hoisted_role': '784729568819937293', 'deaf': False}, 'id': '809785165110968390', 'flags': 0, 'embeds': [{'type': 'rich', 'title': 'Pong! 350ms', 'footer': {'text': 'Called by: Vishank#3447'}, 'color': 14170763}], 'edited_timestamp': None, 'content': '', 'channel_id': '809770331518664705', 'author': {'username': 'test bot', 'public_flags': 0, 'id': '800975857912119327', 'discriminator': '4513', 'bot': True, 'avatar': None}, 'attachments': [], 'guild_id': '738448933201903717'}}
2021-02-12 19:27:09,496:DEBUG:discord.client: Dispatching event socket_response
2021-02-12 19:27:09,496:DEBUG:discord.client: Dispatching event message
2021-02-12 19:27:09,524:DEBUG:discord.http: POST https://discord.com/api/v7/channels/809770331518664705/messages with {"embed":{"footer":{"text":"Called by: Vishank#3447"},"color":14170763,"type":"rich","title":"Pong! 350ms"}} has returned 200
2021-02-12 19:27:09,525:DEBUG:discord.http: POST https://discord.com/api/v7/channels/809770331518664705/messages has received {'id': '809785165110968390', 'type': 0, 'content': '', 'channel_id': '809770331518664705', 'author': {'id': '800975857912119327', 'username': 'test bot', 'avatar': None, 'discriminator': '4513', 'public_flags': 0, 'bot': True}, 'attachments': [], 'embeds': [{'type': 'rich', 'title': 'Pong! 350ms', 'color': 14170763, 'footer': {'text': 'Called by: Vishank#3447'}}], 'mentions': [], 'mention_roles': [], 'pinned': False, 'mention_everyone': False, 'tts': False, 'timestamp': '2021-02-12T13:57:08.443000+00:00', 'edited_timestamp': None, 'flags': 0, 'referenced_message': None}
2021-02-12 19:27:09,525:DEBUG:discord.client: Dispatching event command_completion
2021-02-12 19:27:09,563:DEBUG:discord.client: Dispatching event socket_raw_receive
2021-02-12 19:27:09,563:DEBUG:discord.gateway: For Shard ID None: WebSocket Event: {'t': 'MESSAGE_UPDATE', 's': 19, 'op': 0, 'd': {'id': '809785165110968390', 'embeds': [{'type': 'rich', 'title': 'Pong! 350ms', 'footer': {'text': 'Called by: Vishank#3447'}, 'color': 14170763}], 'channel_id': '809770331518664705', 'guild_id': '738448933201903717'}}
2021-02-12 19:27:09,563:DEBUG:discord.client: Dispatching event socket_response
2021-02-12 19:27:09,563:DEBUG:discord.client: Dispatching event raw_message_edit
2021-02-12 19:27:09,563:DEBUG:discord.client: Dispatching event message_edit
2021-02-12 19:27:10,965:DEBUG:discord.client: Dispatching event socket_raw_receive
2021-02-12 19:27:10,966:DEBUG:discord.gateway: For Shard ID None: WebSocket Event: {'t': 'MESSAGE_CREATE', 's': 20, 'op': 0, 'd': {'type': 0, 'tts': False, 'timestamp': '2021-02-12T13:57:09.899000+00:00', 'referenced_message': None, 'pinned': False, 'nonce': '809785173796192256', 'mentions': [], 'mention_roles': [], 'mention_everyone': False, 'member': {'roles': ['782651592976891915'], 'mute': False, 'joined_at': '2020-07-30T17:32:25.427000+00:00', 'hoisted_role': None, 'deaf': False}, 'id': '809785171216695306', 'flags': 0, 'embeds': [], 'edited_timestamp': None, 'content': '.ping', 'channel_id': '809770331518664705', 'author': {'username': 'Vishank', 'public_flags': 64, 'id': '738448733615685652', 'discriminator': '3447', 'avatar': 'db6eb46b01d8865d9c1696d3ccc1a947'}, 'attachments': [], 'guild_id': '738448933201903717'}}
2021-02-12 19:27:10,966:DEBUG:discord.client: Dispatching event socket_response
2021-02-12 19:27:10,966:DEBUG:discord.client: Dispatching event message
2021-02-12 19:27:10,966:DEBUG:discord.client: Dispatching event command
2021-02-12 19:27:11,361:DEBUG:discord.http: DELETE https://discord.com/api/v7/channels/809770331518664705/messages/809785171216695306 with None has returned 204
2021-02-12 19:27:11,361:DEBUG:discord.http: DELETE https://discord.com/api/v7/channels/809770331518664705/messages/809785171216695306 has received 
2021-02-12 19:27:11,367:DEBUG:discord.client: Dispatching event socket_raw_receive
2021-02-12 19:27:11,367:DEBUG:discord.gateway: For Shard ID None: WebSocket Event: {'t': 'MESSAGE_DELETE', 's': 21, 'op': 0, 'd': {'id': '809785171216695306', 'channel_id': '809770331518664705', 'guild_id': '738448933201903717'}}
2021-02-12 19:27:11,367:DEBUG:discord.client: Dispatching event socket_response
2021-02-12 19:27:11,368:DEBUG:discord.client: Dispatching event raw_message_delete
2021-02-12 19:27:11,368:DEBUG:discord.client: Dispatching event message_delete
2021-02-12 19:27:11,804:DEBUG:discord.client: Dispatching event socket_raw_receive
2021-02-12 19:27:11,804:DEBUG:discord.gateway: For Shard ID None: WebSocket Event: {'t': 'MESSAGE_CREATE', 's': 22, 'op': 0, 'd': {'type': 0, 'tts': False, 'timestamp': '2021-02-12T13:57:10.723000+00:00', 'referenced_message': None, 'pinned': False, 'mentions': [], 'mention_roles': [], 'mention_everyone': False, 'member': {'roles': ['800976801446363157', '784729568819937293'], 'premium_since': None, 'pending': False, 'nick': None, 'mute': False, 'joined_at': '2021-01-19T06:35:50.920000+00:00', 'is_pending': False, 'hoisted_role': '784729568819937293', 'deaf': False}, 'id': '809785174673981520', 'flags': 0, 'embeds': [{'type': 'rich', 'title': 'Pong! 350ms', 'footer': {'text': 'Called by: Vishank#3447'}, 'color': 6593595}], 'edited_timestamp': None, 'content': '', 'channel_id': '809770331518664705', 'author': {'username': 'test bot', 'public_flags': 0, 'id': '800975857912119327', 'discriminator': '4513', 'bot': True, 'avatar': None}, 'attachments': [], 'guild_id': '738448933201903717'}}
2021-02-12 19:27:11,804:DEBUG:discord.client: Dispatching event socket_response
2021-02-12 19:27:11,804:DEBUG:discord.client: Dispatching event message
2021-02-12 19:27:11,831:DEBUG:discord.http: POST https://discord.com/api/v7/channels/809770331518664705/messages with {"embed":{"footer":{"text":"Called by: Vishank#3447"},"color":6593595,"type":"rich","title":"Pong! 350ms"}} has returned 200
2021-02-12 19:27:11,831:DEBUG:discord.http: POST https://discord.com/api/v7/channels/809770331518664705/messages has received {'id': '809785174673981520', 'type': 0, 'content': '', 'channel_id': '809770331518664705', 'author': {'id': '800975857912119327', 'username': 'test bot', 'avatar': None, 'discriminator': '4513', 'public_flags': 0, 'bot': True}, 'attachments': [], 'embeds': [{'type': 'rich', 'title': 'Pong! 350ms', 'color': 6593595, 'footer': {'text': 'Called by: Vishank#3447'}}], 'mentions': [], 'mention_roles': [], 'pinned': False, 'mention_everyone': False, 'tts': False, 'timestamp': '2021-02-12T13:57:10.723000+00:00', 'edited_timestamp': None, 'flags': 0, 'referenced_message': None}
2021-02-12 19:27:11,832:DEBUG:discord.client: Dispatching event command_completion
2021-02-12 19:27:11,904:DEBUG:discord.client: Dispatching event socket_raw_receive
2021-02-12 19:27:11,904:DEBUG:discord.gateway: For Shard ID None: WebSocket Event: {'t': 'MESSAGE_UPDATE', 's': 23, 'op': 0, 'd': {'id': '809785174673981520', 'embeds': [{'type': 'rich', 'title': 'Pong! 350ms', 'footer': {'text': 'Called by: Vishank#3447'}, 'color': 6593595}], 'channel_id': '809770331518664705', 'guild_id': '738448933201903717'}}
2021-02-12 19:27:11,904:DEBUG:discord.client: Dispatching event socket_response
2021-02-12 19:27:11,904:DEBUG:discord.client: Dispatching event raw_message_edit
2021-02-12 19:27:11,904:DEBUG:discord.client: Dispatching event message_edit
2021-02-12 19:27:13,244:DEBUG:discord.client: Dispatching event socket_raw_receive
2021-02-12 19:27:13,245:DEBUG:discord.gateway: For Shard ID None: WebSocket Event: {'t': 'MESSAGE_CREATE', 's': 24, 'op': 0, 'd': {'type': 0, 'tts': False, 'timestamp': '2021-02-12T13:57:12.183000+00:00', 'referenced_message': None, 'pinned': False, 'nonce': '809785183430508544', 'mentions': [], 'mention_roles': [], 'mention_everyone': False, 'member': {'roles': ['782651592976891915'], 'mute': False, 'joined_at': '2020-07-30T17:32:25.427000+00:00', 'hoisted_role': None, 'deaf': False}, 'id': '809785180796616775', 'flags': 0, 'embeds': [], 'edited_timestamp': None, 'content': '.ping', 'channel_id': '809770331518664705', 'author': {'username': 'Vishank', 'public_flags': 64, 'id': '738448733615685652', 'discriminator': '3447', 'avatar': 'db6eb46b01d8865d9c1696d3ccc1a947'}, 'attachments': [], 'guild_id': '738448933201903717'}}
2021-02-12 19:27:13,245:DEBUG:discord.client: Dispatching event socket_response
2021-02-12 19:27:13,245:DEBUG:discord.client: Dispatching event message
2021-02-12 19:27:13,246:DEBUG:discord.client: Dispatching event command
2021-02-12 19:27:13,627:DEBUG:discord.http: DELETE https://discord.com/api/v7/channels/809770331518664705/messages/809785180796616775 with None has returned 204
2021-02-12 19:27:13,627:DEBUG:discord.http: DELETE https://discord.com/api/v7/channels/809770331518664705/messages/809785180796616775 has received 
2021-02-12 19:27:13,631:DEBUG:discord.client: Dispatching event socket_raw_receive
2021-02-12 19:27:13,631:DEBUG:discord.gateway: For Shard ID None: WebSocket Event: {'t': 'MESSAGE_DELETE', 's': 25, 'op': 0, 'd': {'id': '809785180796616775', 'channel_id': '809770331518664705', 'guild_id': '738448933201903717'}}
2021-02-12 19:27:13,631:DEBUG:discord.client: Dispatching event socket_response
2021-02-12 19:27:13,631:DEBUG:discord.client: Dispatching event raw_message_delete
2021-02-12 19:27:13,631:DEBUG:discord.client: Dispatching event message_delete
2021-02-12 19:27:14,026:DEBUG:discord.client: Dispatching event socket_raw_receive
2021-02-12 19:27:14,026:DEBUG:discord.gateway: For Shard ID None: WebSocket Event: {'t': 'MESSAGE_CREATE', 's': 26, 'op': 0, 'd': {'type': 0, 'tts': False, 'timestamp': '2021-02-12T13:57:12.970000+00:00', 'referenced_message': None, 'pinned': False, 'mentions': [], 'mention_roles': [], 'mention_everyone': False, 'member': {'roles': ['800976801446363157', '784729568819937293'], 'premium_since': None, 'pending': False, 'nick': None, 'mute': False, 'joined_at': '2021-01-19T06:35:50.920000+00:00', 'is_pending': False, 'hoisted_role': '784729568819937293', 'deaf': False}, 'id': '809785184098451536', 'flags': 0, 'embeds': [{'type': 'rich', 'title': 'Pong! 350ms', 'footer': {'text': 'Called by: Vishank#3447'}, 'color': 14125386}], 'edited_timestamp': None, 'content': '', 'channel_id': '809770331518664705', 'author': {'username': 'test bot', 'public_flags': 0, 'id': '800975857912119327', 'discriminator': '4513', 'bot': True, 'avatar': None}, 'attachments': [], 'guild_id': '738448933201903717'}}
2021-02-12 19:27:14,026:DEBUG:discord.client: Dispatching event socket_response
2021-02-12 19:27:14,026:DEBUG:discord.client: Dispatching event message
2021-02-12 19:27:14,047:DEBUG:discord.http: POST https://discord.com/api/v7/channels/809770331518664705/messages with {"embed":{"footer":{"text":"Called by: Vishank#3447"},"color":14125386,"type":"rich","title":"Pong! 350ms"}} has returned 200
2021-02-12 19:27:14,047:DEBUG:discord.http: POST https://discord.com/api/v7/channels/809770331518664705/messages has received {'id': '809785184098451536', 'type': 0, 'content': '', 'channel_id': '809770331518664705', 'author': {'id': '800975857912119327', 'username': 'test bot', 'avatar': None, 'discriminator': '4513', 'public_flags': 0, 'bot': True}, 'attachments': [], 'embeds': [{'type': 'rich', 'title': 'Pong! 350ms', 'color': 14125386, 'footer': {'text': 'Called by: Vishank#3447'}}], 'mentions': [], 'mention_roles': [], 'pinned': False, 'mention_everyone': False, 'tts': False, 'timestamp': '2021-02-12T13:57:12.970000+00:00', 'edited_timestamp': None, 'flags': 0, 'referenced_message': None}
2021-02-12 19:27:14,047:DEBUG:discord.client: Dispatching event command_completion
2021-02-12 19:27:14,070:DEBUG:discord.client: Dispatching event socket_raw_receive
2021-02-12 19:27:14,070:DEBUG:discord.gateway: For Shard ID None: WebSocket Event: {'t': 'MESSAGE_UPDATE', 's': 27, 'op': 0, 'd': {'id': '809785184098451536', 'embeds': [{'type': 'rich', 'title': 'Pong! 350ms', 'footer': {'text': 'Called by: Vishank#3447'}, 'color': 14125386}], 'channel_id': '809770331518664705', 'guild_id': '738448933201903717'}}
2021-02-12 19:27:14,070:DEBUG:discord.client: Dispatching event socket_response
2021-02-12 19:27:14,070:DEBUG:discord.client: Dispatching event raw_message_edit
2021-02-12 19:27:14,070:DEBUG:discord.client: Dispatching event message_edit
2021-02-12 19:27:15,441:DEBUG:discord.client: Dispatching event socket_raw_receive
2021-02-12 19:27:15,441:DEBUG:discord.gateway: For Shard ID None: WebSocket Event: {'t': 'MESSAGE_CREATE', 's': 28, 'op': 0, 'd': {'type': 0, 'tts': False, 'timestamp': '2021-02-12T13:57:14.384000+00:00', 'referenced_message': None, 'pinned': False, 'nonce': '809785192716697600', 'mentions': [], 'mention_roles': [], 'mention_everyone': False, 'member': {'roles': ['782651592976891915'], 'mute': False, 'joined_at': '2020-07-30T17:32:25.427000+00:00', 'hoisted_role': None, 'deaf': False}, 'id': '809785190028541982', 'flags': 0, 'embeds': [], 'edited_timestamp': None, 'content': '.ping', 'channel_id': '809770331518664705', 'author': {'username': 'Vishank', 'public_flags': 64, 'id': '738448733615685652', 'discriminator': '3447', 'avatar': 'db6eb46b01d8865d9c1696d3ccc1a947'}, 'attachments': [], 'guild_id': '738448933201903717'}}
2021-02-12 19:27:15,442:DEBUG:discord.client: Dispatching event socket_response
2021-02-12 19:27:15,442:DEBUG:discord.client: Dispatching event message
2021-02-12 19:27:15,442:DEBUG:discord.client: Dispatching event command
2021-02-12 19:27:15,815:DEBUG:discord.http: DELETE https://discord.com/api/v7/channels/809770331518664705/messages/809785190028541982 with None has returned 204
2021-02-12 19:27:15,815:DEBUG:discord.http: DELETE https://discord.com/api/v7/channels/809770331518664705/messages/809785190028541982 has received 
2021-02-12 19:27:15,824:DEBUG:discord.client: Dispatching event socket_raw_receive
2021-02-12 19:27:15,824:DEBUG:discord.gateway: For Shard ID None: WebSocket Event: {'t': 'MESSAGE_DELETE', 's': 29, 'op': 0, 'd': {'id': '809785190028541982', 'channel_id': '809770331518664705', 'guild_id': '738448933201903717'}}
2021-02-12 19:27:15,824:DEBUG:discord.client: Dispatching event socket_response
2021-02-12 19:27:15,824:DEBUG:discord.client: Dispatching event raw_message_delete
2021-02-12 19:27:15,824:DEBUG:discord.client: Dispatching event message_delete
2021-02-12 19:27:16,232:DEBUG:discord.client: Dispatching event socket_raw_receive
2021-02-12 19:27:16,233:DEBUG:discord.gateway: For Shard ID None: WebSocket Event: {'t': 'MESSAGE_CREATE', 's': 30, 'op': 0, 'd': {'type': 0, 'tts': False, 'timestamp': '2021-02-12T13:57:15.156000+00:00', 'referenced_message': None, 'pinned': False, 'mentions': [], 'mention_roles': [], 'mention_everyone': False, 'member': {'roles': ['800976801446363157', '784729568819937293'], 'premium_since': None, 'pending': False, 'nick': None, 'mute': False, 'joined_at': '2021-01-19T06:35:50.920000+00:00', 'is_pending': False, 'hoisted_role': '784729568819937293', 'deaf': False}, 'id': '809785193266937856', 'flags': 0, 'embeds': [{'type': 'rich', 'title': 'Pong! 350ms', 'footer': {'text': 'Called by: Vishank#3447'}, 'color': 7402140}], 'edited_timestamp': None, 'content': '', 'channel_id': '809770331518664705', 'author': {'username': 'test bot', 'public_flags': 0, 'id': '800975857912119327', 'discriminator': '4513', 'bot': True, 'avatar': None}, 'attachments': [], 'guild_id': '738448933201903717'}}
2021-02-12 19:27:16,233:DEBUG:discord.client: Dispatching event socket_response
2021-02-12 19:27:16,233:DEBUG:discord.client: Dispatching event message
2021-02-12 19:27:16,248:DEBUG:discord.http: POST https://discord.com/api/v7/channels/809770331518664705/messages with {"embed":{"footer":{"text":"Called by: Vishank#3447"},"color":7402140,"type":"rich","title":"Pong! 350ms"}} has returned 200
2021-02-12 19:27:16,249:DEBUG:discord.http: POST https://discord.com/api/v7/channels/809770331518664705/messages has received {'id': '809785193266937856', 'type': 0, 'content': '', 'channel_id': '809770331518664705', 'author': {'id': '800975857912119327', 'username': 'test bot', 'avatar': None, 'discriminator': '4513', 'public_flags': 0, 'bot': True}, 'attachments': [], 'embeds': [{'type': 'rich', 'title': 'Pong! 350ms', 'color': 7402140, 'footer': {'text': 'Called by: Vishank#3447'}}], 'mentions': [], 'mention_roles': [], 'pinned': False, 'mention_everyone': False, 'tts': False, 'timestamp': '2021-02-12T13:57:15.156000+00:00', 'edited_timestamp': None, 'flags': 0, 'referenced_message': None}
2021-02-12 19:27:16,249:DEBUG:discord.client: Dispatching event command_completion
2021-02-12 19:27:16,259:DEBUG:discord.client: Dispatching event socket_raw_receive
2021-02-12 19:27:16,260:DEBUG:discord.gateway: For Shard ID None: WebSocket Event: {'t': 'MESSAGE_UPDATE', 's': 31, 'op': 0, 'd': {'id': '809785193266937856', 'embeds': [{'type': 'rich', 'title': 'Pong! 350ms', 'footer': {'text': 'Called by: Vishank#3447'}, 'color': 7402140}], 'channel_id': '809770331518664705', 'guild_id': '738448933201903717'}}
2021-02-12 19:27:16,260:DEBUG:discord.client: Dispatching event socket_response
2021-02-12 19:27:16,260:DEBUG:discord.client: Dispatching event raw_message_edit
2021-02-12 19:27:16,260:DEBUG:discord.client: Dispatching event message_edit
2021-02-12 19:27:17,780:DEBUG:discord.client: Dispatching event socket_raw_receive
2021-02-12 19:27:17,780:DEBUG:discord.gateway: For Shard ID None: WebSocket Event: {'t': 'MESSAGE_CREATE', 's': 32, 'op': 0, 'd': {'type': 0, 'tts': False, 'timestamp': '2021-02-12T13:57:16.724000+00:00', 'referenced_message': None, 'pinned': False, 'nonce': '809785202560729088', 'mentions': [], 'mention_roles': [], 'mention_everyone': False, 'member': {'roles': ['782651592976891915'], 'mute': False, 'joined_at': '2020-07-30T17:32:25.427000+00:00', 'hoisted_role': None, 'deaf': False}, 'id': '809785199843082270', 'flags': 0, 'embeds': [], 'edited_timestamp': None, 'content': '.ping', 'channel_id': '809770331518664705', 'author': {'username': 'Vishank', 'public_flags': 64, 'id': '738448733615685652', 'discriminator': '3447', 'avatar': 'db6eb46b01d8865d9c1696d3ccc1a947'}, 'attachments': [], 'guild_id': '738448933201903717'}}
2021-02-12 19:27:17,781:DEBUG:discord.client: Dispatching event socket_response
2021-02-12 19:27:17,781:DEBUG:discord.client: Dispatching event message
2021-02-12 19:27:17,781:DEBUG:discord.client: Dispatching event command
2021-02-12 19:27:18,165:DEBUG:discord.client: Dispatching event socket_raw_receive
2021-02-12 19:27:18,165:DEBUG:discord.gateway: For Shard ID None: WebSocket Event: {'t': 'MESSAGE_DELETE', 's': 33, 'op': 0, 'd': {'id': '809785199843082270', 'channel_id': '809770331518664705', 'guild_id': '738448933201903717'}}
2021-02-12 19:27:18,165:DEBUG:discord.client: Dispatching event socket_response
2021-02-12 19:27:18,166:DEBUG:discord.client: Dispatching event raw_message_delete
2021-02-12 19:27:18,166:DEBUG:discord.client: Dispatching event message_delete
2021-02-12 19:27:18,176:DEBUG:discord.http: DELETE https://discord.com/api/v7/channels/809770331518664705/messages/809785199843082270 with None has returned 204
2021-02-12 19:27:18,176:DEBUG:discord.http: DELETE https://discord.com/api/v7/channels/809770331518664705/messages/809785199843082270 has received 
2021-02-12 19:27:18,552:DEBUG:discord.client: Dispatching event socket_raw_receive
2021-02-12 19:27:18,552:DEBUG:discord.gateway: For Shard ID None: WebSocket Event: {'t': 'MESSAGE_CREATE', 's': 34, 'op': 0, 'd': {'type': 0, 'tts': False, 'timestamp': '2021-02-12T13:57:17.502000+00:00', 'referenced_message': None, 'pinned': False, 'mentions': [], 'mention_roles': [], 'mention_everyone': False, 'member': {'roles': ['800976801446363157', '784729568819937293'], 'premium_since': None, 'pending': False, 'nick': None, 'mute': False, 'joined_at': '2021-01-19T06:35:50.920000+00:00', 'is_pending': False, 'hoisted_role': '784729568819937293', 'deaf': False}, 'id': '809785203106644008', 'flags': 0, 'embeds': [{'type': 'rich', 'title': 'Pong! 350ms', 'footer': {'text': 'Called by: Vishank#3447'}, 'color': 4242191}], 'edited_timestamp': None, 'content': '', 'channel_id': '809770331518664705', 'author': {'username': 'test bot', 'public_flags': 0, 'id': '800975857912119327', 'discriminator': '4513', 'bot': True, 'avatar': None}, 'attachments': [], 'guild_id': '738448933201903717'}}
2021-02-12 19:27:18,552:DEBUG:discord.client: Dispatching event socket_response
2021-02-12 19:27:18,553:DEBUG:discord.client: Dispatching event message
2021-02-12 19:27:18,581:DEBUG:discord.http: POST https://discord.com/api/v7/channels/809770331518664705/messages with {"embed":{"footer":{"text":"Called by: Vishank#3447"},"color":4242191,"type":"rich","title":"Pong! 350ms"}} has returned 200
2021-02-12 19:27:18,581:DEBUG:discord.http: POST https://discord.com/api/v7/channels/809770331518664705/messages has received {'id': '809785203106644008', 'type': 0, 'content': '', 'channel_id': '809770331518664705', 'author': {'id': '800975857912119327', 'username': 'test bot', 'avatar': None, 'discriminator': '4513', 'public_flags': 0, 'bot': True}, 'attachments': [], 'embeds': [{'type': 'rich', 'title': 'Pong! 350ms', 'color': 4242191, 'footer': {'text': 'Called by: Vishank#3447'}}], 'mentions': [], 'mention_roles': [], 'pinned': False, 'mention_everyone': False, 'tts': False, 'timestamp': '2021-02-12T13:57:17.502000+00:00', 'edited_timestamp': None, 'flags': 0, 'referenced_message': None}
2021-02-12 19:27:18,581:DEBUG:discord.client: Dispatching event command_completion
2021-02-12 19:27:18,595:DEBUG:discord.client: Dispatching event socket_raw_receive
2021-02-12 19:27:18,595:DEBUG:discord.gateway: For Shard ID None: WebSocket Event: {'t': 'MESSAGE_UPDATE', 's': 35, 'op': 0, 'd': {'id': '809785203106644008', 'embeds': [{'type': 'rich', 'title': 'Pong! 350ms', 'footer': {'text': 'Called by: Vishank#3447'}, 'color': 4242191}], 'channel_id': '809770331518664705', 'guild_id': '738448933201903717'}}
2021-02-12 19:27:18,595:DEBUG:discord.client: Dispatching event socket_response
2021-02-12 19:27:18,595:DEBUG:discord.client: Dispatching event raw_message_edit
2021-02-12 19:27:18,595:DEBUG:discord.client: Dispatching event message_edit
2021-02-12 19:27:19,728:DEBUG:discord.gateway: Keeping shard ID None websocket alive with sequence 35.
2021-02-12 19:27:20,086:DEBUG:discord.client: Dispatching event socket_raw_receive
2021-02-12 19:27:20,086:DEBUG:discord.gateway: For Shard ID None: WebSocket Event: {'t': None, 's': None, 'op': 11, 'd': None}
2021-02-12 19:27:20,086:DEBUG:discord.client: Dispatching event socket_response
2021-02-12 19:28:00,983:DEBUG:discord.gateway: Keeping shard ID None websocket alive with sequence 35.
2021-02-12 19:28:01,370:DEBUG:discord.client: Dispatching event socket_raw_receive
2021-02-12 19:28:01,370:DEBUG:discord.gateway: For Shard ID None: WebSocket Event: {'t': None, 's': None, 'op': 11, 'd': None}
2021-02-12 19:28:01,371:DEBUG:discord.client: Dispatching event socket_response
2021-02-12 19:28:42,248:DEBUG:discord.gateway: Keeping shard ID None websocket alive with sequence 35.
2021-02-12 19:28:42,607:DEBUG:discord.client: Dispatching event socket_raw_receive
2021-02-12 19:28:42,608:DEBUG:discord.gateway: For Shard ID None: WebSocket Event: {'t': None, 's': None, 'op': 11, 'd': None}
2021-02-12 19:28:42,608:DEBUG:discord.client: Dispatching event socket_response
2021-02-12 19:29:23,501:DEBUG:discord.gateway: Keeping shard ID None websocket alive with sequence 35.
2021-02-12 19:29:23,833:DEBUG:discord.client: Dispatching event socket_raw_receive
2021-02-12 19:29:23,833:DEBUG:discord.gateway: For Shard ID None: WebSocket Event: {'t': None, 's': None, 'op': 11, 'd': None}
2021-02-12 19:29:23,833:DEBUG:discord.client: Dispatching event socket_response
